<?xml version="1.0" encoding="UTF-8"?>
<testsuite name="com.chowebtest.admin.web.dto.HelloResponseDtoTest" tests="1" skipped="0" failures="0" errors="0" timestamp="2020-03-13T10:32:11" hostname="macbookui-MacBookPro.local" time="0.06">
  <properties/>
  <testcase name="롬북_기능_테스트" classname="com.chowebtest.admin.web.dto.HelloResponseDtoTest" time="0.06"/>
  <system-out><![CDATA[]]></system-out>
  <system-err><![CDATA[]]></system-err>
</testsuite>
